La génération a démarré 2016-03-09 14:57:57.
     1>Projet "C:\temp\INF3610_H16_Lab3\src\systemc-2.3.1\msvc120\SystemC\SystemC.vcxproj" sur le nœud 2 (Build cible(s)).
     1>ClCompile:
         C:\Program Files (x86)\Microsoft Visual Studio 12.0\VC\bin\CL.exe /c /I../../src /Zi /nologo /W3 /WX- /Od /Oy- /D WIN32 /D _DEBUG /D _LIB /D SC_INCLUDE_FX /D _VC80_UPGRADE=0x0710 /D _MBCS /Uinterface /Gm /EHsc /RTC1 /MTd /GS /fp:precise /Zc:wchar_t /Zc:forScope /GR /Fo"Debug\\" /Fd"Debug\vc120.pdb" /Gd /TP /wd4244 /wd4996 /analyze- /errorReport:prompt /vmg ..\..\src\sysc\communication\sc_clock.cpp ..\..\src\sysc\communication\sc_event_finder.cpp ..\..\src\sysc\communication\sc_event_queue.cpp ..\..\src\sysc\communication\sc_export.cpp ..\..\src\sysc\communication\sc_interface.cpp ..\..\src\sysc\communication\sc_mutex.cpp ..\..\src\sysc\communication\sc_port.cpp ..\..\src\sysc\communication\sc_prim_channel.cpp ..\..\src\sysc\communication\sc_semaphore.cpp ..\..\src\sysc\communication\sc_signal.cpp ..\..\src\sysc\communication\sc_signal_ports.cpp ..\..\src\sysc\communication\sc_signal_resolved.cpp ..\..\src\sysc\communication\sc_signal_resolved_ports.cpp ..\..\src\sysc\datatypes\bit\sc_bit.cpp ..\..\src\sysc\datatypes\bit\sc_bv_base.cpp ..\..\src\sysc\datatypes\bit\sc_logic.cpp ..\..\src\sysc\datatypes\bit\sc_lv_base.cpp ..\..\src\sysc\datatypes\fx\scfx_mant.cpp ..\..\src\sysc\datatypes\fx\scfx_pow10.cpp ..\..\src\sysc\datatypes\fx\scfx_rep.cpp ..\..\src\sysc\datatypes\fx\scfx_utils.cpp ..\..\src\sysc\datatypes\fx\sc_fxcast_switch.cpp ..\..\src\sysc\datatypes\fx\sc_fxdefs.cpp ..\..\src\sysc\datatypes\fx\sc_fxnum.cpp ..\..\src\sysc\datatypes\fx\sc_fxnum_observer.cpp ..\..\src\sysc\datatypes\fx\sc_fxtype_params.cpp ..\..\src\sysc\datatypes\fx\sc_fxval.cpp ..\..\src\sysc\datatypes\fx\sc_fxval_observer.cpp ..\..\src\sysc\datatypes\int\sc_int32_mask.cpp ..\..\src\sysc\datatypes\int\sc_int64_io.cpp ..\..\src\sysc\datatypes\int\sc_int64_mask.cpp ..\..\src\sysc\datatypes\int\sc_int_base.cpp ..\..\src\sysc\datatypes\int\sc_length_param.cpp ..\..\src\sysc\datatypes\int\sc_nbdefs.cpp ..\..\src\sysc\datatypes\int\sc_nbexterns.cpp ..\..\src\sysc\datatypes\int\sc_nbutils.cpp ..\..\src\sysc\datatypes\int\sc_signed.cpp ..\..\src\sysc\datatypes\int\sc_uint_base.cpp ..\..\src\sysc\datatypes\int\sc_unsigned.cpp ..\..\src\sysc\datatypes\misc\sc_concatref.cpp ..\..\src\sysc\datatypes\misc\sc_value_base.cpp ..\..\src\sysc\kernel\sc_attribute.cpp ..\..\src\sysc\kernel\sc_cor_fiber.cpp ..\..\src\sysc\kernel\sc_cthread_process.cpp ..\..\src\sysc\kernel\sc_event.cpp ..\..\src\sysc\kernel\sc_except.cpp ..\..\src\sysc\kernel\sc_join.cpp ..\..\src\sysc\kernel\sc_main.cpp ..\..\src\sysc\kernel\sc_main_main.cpp ..\..\src\sysc\kernel\sc_method_process.cpp ..\..\src\sysc\kernel\sc_module.cpp ..\..\src\sysc\kernel\sc_module_name.cpp ..\..\src\sysc\kernel\sc_module_registry.cpp ..\..\src\sysc\kernel\sc_name_gen.cpp ..\..\src\sysc\kernel\sc_object.cpp ..\..\src\sysc\kernel\sc_object_manager.cpp ..\..\src\sysc\kernel\sc_phase_callback_registry.cpp ..\..\src\sysc\kernel\sc_process.cpp ..\..\src\sysc\kernel\sc_reset.cpp ..\..\src\sysc\kernel\sc_sensitive.cpp ..\..\src\sysc\kernel\sc_simcontext.cpp ..\..\src\sysc\kernel\sc_spawn_options.cpp ..\..\src\sysc\kernel\sc_thread_process.cpp ..\..\src\sysc\kernel\sc_time.cpp ..\..\src\sysc\kernel\sc_ver.cpp ..\..\src\sysc\kernel\sc_wait.cpp ..\..\src\sysc\kernel\sc_wait_cthread.cpp ..\..\src\sysc\tracing\sc_trace.cpp ..\..\src\sysc\tracing\sc_trace_file_base.cpp ..\..\src\sysc\tracing\sc_vcd_trace.cpp ..\..\src\sysc\tracing\sc_wif_trace.cpp ..\..\src\sysc\utils\sc_hash.cpp ..\..\src\sysc\utils\sc_list.cpp ..\..\src\sysc\utils\sc_mempool.cpp ..\..\src\sysc\utils\sc_pq.cpp ..\..\src\sysc\utils\sc_report.cpp ..\..\src\sysc\utils\sc_report_handler.cpp ..\..\src\sysc\utils\sc_stop_here.cpp ..\..\src\sysc\utils\sc_string.cpp ..\..\src\sysc\utils\sc_utils_ids.cpp ..\..\src\sysc\utils\sc_vector.cpp
         sc_vector.cpp
         sc_utils_ids.cpp
         sc_string.cpp
         sc_stop_here.cpp
         sc_report_handler.cpp
         sc_report.cpp
         sc_pq.cpp
         sc_mempool.cpp
         sc_list.cpp
         sc_hash.cpp
         sc_wif_trace.cpp
         sc_vcd_trace.cpp
         sc_trace_file_base.cpp
         sc_trace.cpp
         sc_wait_cthread.cpp
         sc_wait.cpp
         sc_ver.cpp
         sc_time.cpp
         sc_thread_process.cpp
         sc_spawn_options.cpp
         Génération de code en cours...
         Compilation en cours...
         sc_simcontext.cpp
         sc_sensitive.cpp
         sc_reset.cpp
         sc_process.cpp
         sc_phase_callback_registry.cpp
         sc_object_manager.cpp
         sc_object.cpp
         sc_name_gen.cpp
         sc_module_registry.cpp
         sc_module_name.cpp
         sc_module.cpp
         sc_method_process.cpp
         sc_main_main.cpp
         sc_main.cpp
         sc_join.cpp
         sc_except.cpp
         sc_event.cpp
         sc_cthread_process.cpp
         sc_cor_fiber.cpp
         sc_attribute.cpp
         Génération de code en cours...
         Compilation en cours...
         sc_value_base.cpp
         sc_concatref.cpp
         sc_unsigned.cpp
         sc_uint_base.cpp
         sc_signed.cpp
         sc_nbutils.cpp
         sc_nbexterns.cpp
         sc_nbdefs.cpp
         sc_length_param.cpp
         sc_int_base.cpp
         sc_int64_mask.cpp
         sc_int64_io.cpp
         sc_int32_mask.cpp
         sc_fxval_observer.cpp
         sc_fxval.cpp
         sc_fxtype_params.cpp
         sc_fxnum_observer.cpp
         sc_fxnum.cpp
         sc_fxdefs.cpp
         sc_fxcast_switch.cpp
         Génération de code en cours...
         Compilation en cours...
         scfx_utils.cpp
         scfx_rep.cpp
         scfx_pow10.cpp
         scfx_mant.cpp
         sc_lv_base.cpp
         sc_logic.cpp
         sc_bv_base.cpp
         sc_bit.cpp
         sc_signal_resolved_ports.cpp
         sc_signal_resolved.cpp
         sc_signal_ports.cpp
         sc_signal.cpp
         sc_semaphore.cpp
         sc_prim_channel.cpp
         sc_port.cpp
         sc_mutex.cpp
         sc_interface.cpp
         sc_export.cpp
         sc_event_queue.cpp
         sc_event_finder.cpp
         Génération de code en cours...
         Compilation en cours...
         sc_clock.cpp
         Génération de code en cours...
       Lib:
         C:\Program Files (x86)\Microsoft Visual Studio 12.0\VC\bin\Lib.exe /OUT:"Debug\SystemC.lib" /NOLOGO Debug\sc_clock.obj
         Debug\sc_event_finder.obj
         Debug\sc_event_queue.obj
         Debug\sc_export.obj
         Debug\sc_interface.obj
         Debug\sc_mutex.obj
         Debug\sc_port.obj
         Debug\sc_prim_channel.obj
         Debug\sc_semaphore.obj
         Debug\sc_signal.obj
         Debug\sc_signal_ports.obj
         Debug\sc_signal_resolved.obj
         Debug\sc_signal_resolved_ports.obj
         Debug\sc_bit.obj
         Debug\sc_bv_base.obj
         Debug\sc_logic.obj
         Debug\sc_lv_base.obj
         Debug\scfx_mant.obj
         Debug\scfx_pow10.obj
         Debug\scfx_rep.obj
         Debug\scfx_utils.obj
         Debug\sc_fxcast_switch.obj
         Debug\sc_fxdefs.obj
         Debug\sc_fxnum.obj
         Debug\sc_fxnum_observer.obj
         Debug\sc_fxtype_params.obj
         Debug\sc_fxval.obj
         Debug\sc_fxval_observer.obj
         Debug\sc_int32_mask.obj
         Debug\sc_int64_io.obj
         Debug\sc_int64_mask.obj
         Debug\sc_int_base.obj
         Debug\sc_length_param.obj
         Debug\sc_nbdefs.obj
         Debug\sc_nbexterns.obj
         Debug\sc_nbutils.obj
         Debug\sc_signed.obj
         Debug\sc_uint_base.obj
         Debug\sc_unsigned.obj
         Debug\sc_concatref.obj
         Debug\sc_value_base.obj
         Debug\sc_attribute.obj
         Debug\sc_cor_fiber.obj
         Debug\sc_cthread_process.obj
         Debug\sc_event.obj
         Debug\sc_except.obj
         Debug\sc_join.obj
         Debug\sc_main.obj
         Debug\sc_main_main.obj
         Debug\sc_method_process.obj
         Debug\sc_module.obj
         Debug\sc_module_name.obj
         Debug\sc_module_registry.obj
         Debug\sc_name_gen.obj
         Debug\sc_object.obj
         Debug\sc_object_manager.obj
         Debug\sc_phase_callback_registry.obj
         Debug\sc_process.obj
         Debug\sc_reset.obj
         Debug\sc_sensitive.obj
         Debug\sc_simcontext.obj
         Debug\sc_spawn_options.obj
         Debug\sc_thread_process.obj
         Debug\sc_time.obj
         Debug\sc_ver.obj
         Debug\sc_wait.obj
         Debug\sc_wait_cthread.obj
         Debug\sc_trace.obj
         Debug\sc_trace_file_base.obj
         Debug\sc_vcd_trace.obj
         Debug\sc_wif_trace.obj
         Debug\sc_hash.obj
         Debug\sc_list.obj
         Debug\sc_mempool.obj
         Debug\sc_pq.obj
         Debug\sc_report.obj
         Debug\sc_report_handler.obj
         Debug\sc_stop_here.obj
         Debug\sc_string.obj
         Debug\sc_utils_ids.obj
         Debug\sc_vector.obj
         SystemC.vcxproj -> C:\temp\INF3610_H16_Lab3\src\systemc-2.3.1\msvc120\SystemC\Debug\SystemC.lib
     1>Génération du projet "C:\temp\INF3610_H16_Lab3\src\systemc-2.3.1\msvc120\SystemC\SystemC.vcxproj" terminée (Build cible(s)).

La génération a réussi.

Temps écoulé 00:00:50.68
